[0mGET / [36m304[0m 205.178 ms - -[0m
[0mGET /users/sign-in [36m304[0m 16.636 ms - -[0m
[0mGET /users/sign-in [36m304[0m 8.258 ms - -[0m
[0mGET /users/auth/google [36m302[0m 3.951 ms - 0[0m
[0mGET /users/auth/google/callback?code=4%2F0AX4XfWgXSPApjCTC837Z4fUZgpDsfe8y8IB0p_ap_hoX4u_xOfc5Ur9cIcnmV02Zu-1phA&scope=email+profile+https%3A%2F%2Fwww.googleapis.com%2Fauth%2Fuserinfo.profile+https%3A%2F%2Fwww.googleapis.com%2Fauth%2Fuserinfo.email+openid&authuser=1&prompt=consent [36m302[0m 1230.518 ms - 46[0m
[0mGET / [32m200[0m 152.238 ms - 76445[0m
[0mGET /chat-engine/chats [32m200[0m 26.124 ms - 7437[0m
[0mGET /users/Profile/610b879152b3382f8c8f1450 [32m200[0m 25.619 ms - 7995[0m
[0mGET /users/Profile/610b879152b3382f8c8f1450 [36m304[0m 129.934 ms - -[0m
[0mGET /chat-engine/chats [36m304[0m 84.141 ms - -[0m
[0mGET /chat-engine/chats [36m304[0m 93.077 ms - -[0m
[0mGET / [32m200[0m 94.344 ms - 76175[0m
[0mGET /chat-engine/chats [36m304[0m 26.479 ms - -[0m
[0mGET /chat-engine/chats [36m302[0m 56.095 ms - 72[0m
[0mGET /users/sign-in [31m500[0m 23.803 ms - 2564[0m
[0mGET /users/sign-in [31m500[0m 7.931 ms - 2564[0m
[0mGET /users/sign-in [31m500[0m 23.575 ms - 2558[0m
[0mGET /users/sign-in [31m500[0m 6.123 ms - 2558[0m
[0mGET /users/sign-in [31m500[0m 3.451 ms - 2558[0m
[0mGET /users/sign-in [31m500[0m 4.991 ms - 2558[0m
[0mGET / [31m500[0m 53.678 ms - 1989[0m
[0mGET / [31m500[0m 29.461 ms - 1989[0m
[0mGET / [31m500[0m 68.685 ms - 1989[0m
[0mGET / [32m200[0m 158.072 ms - 43939[0m
[0mGET /users/sign-in [32m200[0m 8.459 ms - 5782[0m
[0mGET /users/css/layout.css [33m404[0m 12.722 ms - 159[0m
[0mGET /users/css/footer.css [33m404[0m 19.553 ms - 159[0m
[0mGET /users/css/header.css [33m404[0m 16.157 ms - 159[0m
[0mGET /users/css/user_sign_in.css [33m404[0m 23.779 ms - 165[0m
[0mGET /users/sign-in [36m304[0m 5.252 ms - -[0m
[0mGET /users/css/layout.css [33m404[0m 6.965 ms - 159[0m
[0mGET /users/css/header.css [33m404[0m 7.338 ms - 159[0m
[0mGET /users/css/footer.css [33m404[0m 11.659 ms - 159[0m
[0mGET /users/css/user_sign_in.css [33m404[0m 107.031 ms - 165[0m
[0mGET /users/sign-in [36m304[0m 5.957 ms - -[0m
[0mGET /users/css/layout.css [33m404[0m 10.589 ms - 159[0m
[0mGET /users/css/header.css [33m404[0m 8.499 ms - 159[0m
[0mGET /users/css/footer.css [33m404[0m 11.324 ms - 159[0m
[0mGET /users/css/user_sign_in.css [33m404[0m 7.689 ms - 165[0m
[0mGET /users/sign-in [36m304[0m 4.373 ms - -[0m
[0mGET /users/css/header.css [33m404[0m 7.527 ms - 159[0m
[0mGET /users/css/footer.css [33m404[0m 8.236 ms - 159[0m
[0mGET /users/css/layout.css [33m404[0m 7.344 ms - 159[0m
[0mGET /users/css/user_sign_in.css [33m404[0m 11.834 ms - 165[0m
[0mGET /users/sign-in [36m304[0m 7.304 ms - -[0m
[0mGET /users/css/layout.css [33m404[0m 7.668 ms - 159[0m
[0mGET /users/css/header.css [33m404[0m 11.004 ms - 159[0m
[0mGET /users/css/user_sign_in.css [33m404[0m 4.486 ms - 165[0m
[0mGET /users/css/footer.css [33m404[0m 8.332 ms - 159[0m
[0mGET /users/sign-in [36m304[0m 3.938 ms - -[0m
[0mGET /users/css/layout.css [33m404[0m 4.337 ms - 159[0m
[0mGET /users/css/header.css [33m404[0m 6.692 ms - 159[0m
[0mGET /users/css/footer.css [33m404[0m 8.667 ms - 159[0m
[0mGET /users/css/user_sign_in.css [33m404[0m 9.097 ms - 165[0m
[0mGET /users/css/header.css [33m404[0m 5.081 ms - 159[0m
[0mGET /users/css/footer.css [33m404[0m 6.257 ms - 159[0m
[0mGET /users/css/user_sign_in.css [33m404[0m 6.044 ms - 165[0m
[0mGET /users/css/layout.css [33m404[0m 5.591 ms - 159[0m
[0mGET /users/sign-in [36m304[0m 9.828 ms - -[0m
[0mGET /users/css/layout.css [33m404[0m 7.444 ms - 159[0m
[0mGET /users/css/header.css [33m404[0m 14.794 ms - 159[0m
[0mGET /users/css/user_sign_in.css [33m404[0m 8.437 ms - 165[0m
[0mGET /users/css/footer.css [33m404[0m 9.712 ms - 159[0m
[0mGET /users/sign-in [36m304[0m 9.037 ms - -[0m
[0mGET /users/css/layout.css [33m404[0m 6.704 ms - 159[0m
[0mGET /users/css/header.css [33m404[0m 8.914 ms - 159[0m
[0mGET /users/css/footer.css [33m404[0m 9.301 ms - 159[0m
[0mGET /users/css/user_sign_in.css [33m404[0m 10.864 ms - 165[0m
[0mGET / [36m304[0m 93.458 ms - -[0m
[0mGET /users/sign-in [36m304[0m 8.772 ms - -[0m
[0mGET /users/css/footer.css [33m404[0m 22.133 ms - 159[0m
[0mGET /users/css/layout.css [33m404[0m 10.930 ms - 159[0m
[0mGET /users/css/user_sign_in.css [33m404[0m 23.466 ms - 165[0m
[0mGET /users/css/header.css [33m404[0m 17.379 ms - 159[0m
[0mGET /users/auth/google [36m302[0m 4.126 ms - 0[0m
[0mGET /users/auth/google/callback?code=4%2F0AX4XfWgh4ZLKgSnrYOhK9lqeYqAJcm36QOTHrLIJpQR4TflLBauCnbBIlRV1jLuItfFJqA&scope=email+profile+https%3A%2F%2Fwww.googleapis.com%2Fauth%2Fuserinfo.profile+https%3A%2F%2Fwww.googleapis.com%2Fauth%2Fuserinfo.email+openid&authuser=1&prompt=consent [36m302[0m 706.042 ms - 46[0m
[0mGET / [32m200[0m 61.421 ms - 76461[0m
[0mGET /chat-engine/chats [32m200[0m 21.495 ms - 7456[0m
[0mGET /chat-engine/css/layout.css [33m404[0m 19.494 ms - 165[0m
[0mGET /chat-engine/css/header.css [33m404[0m 19.460 ms - 165[0m
[0mGET /chat-engine/css/footer.css [33m404[0m 24.662 ms - 165[0m
[0mGET /chat-engine/css/chat_box.css [33m404[0m 35.147 ms - 167[0m
[0mGET /chat-engine/js/chat_engine.js [33m404[0m 11.901 ms - 168[0m
[0mGET /chat-engine/js/chat_engine.js [33m404[0m 4.586 ms - 168[0m
[0mGET /users/Profile/610b879152b3382f8c8f1450 [32m200[0m 11.080 ms - 8016[0m
[0mGET /users/Profile/css/layout.css [33m404[0m 29.866 ms - 167[0m
[0mGET /users/Profile/css/header.css [33m404[0m 36.641 ms - 167[0m
[0mGET /users/Profile/css/footer.css [33m404[0m 34.894 ms - 167[0m
[0mGET /users/Profile/css/user_profile.css [33m404[0m 33.723 ms - 173[0m
[0mGET /users/Profile/js/toggle_friendship.js [33m404[0m 18.349 ms - 176[0m
[0mGET / [32m200[0m 139.714 ms - 76191[0m
[0mGET /chat-engine/chats [36m304[0m 20.075 ms - -[0m
[0mGET /chat-engine/css/layout.css [33m404[0m 35.549 ms - 165[0m
[0mGET /chat-engine/css/header.css [33m404[0m 36.225 ms - 165[0m
[0mGET /chat-engine/css/footer.css [33m404[0m 45.153 ms - 165[0m
[0mGET /chat-engine/css/chat_box.css [33m404[0m 47.596 ms - 167[0m
[0mGET /chat-engine/js/chat_engine.js [33m404[0m 28.108 ms - 168[0m
[0mGET / [32m200[0m 136.563 ms - 43939[0m
[0mGET /favicon.ico [33m404[0m 13.251 ms - 150[0m
[0mGET /users/sign-in [36m304[0m 9.678 ms - -[0m
[0mGET /users/css/layout.css [33m404[0m 9.992 ms - 159[0m
[0mGET /users/css/header.css [33m404[0m 14.837 ms - 159[0m
[0mGET /users/css/footer.css [33m404[0m 34.009 ms - 159[0m
[0mGET /users/css/user_sign_in.css [33m404[0m 38.008 ms - 165[0m
[0mGET /users/sign-in [36m304[0m 7.054 ms - -[0m
[0mGET /users/css/layout.css [33m404[0m 4.949 ms - 159[0m
[0mGET /users/css/header.css [33m404[0m 10.477 ms - 159[0m
[0mGET /users/css/footer.css [33m404[0m 4.326 ms - 159[0m
[0mGET /users/css/user_sign_in.css [33m404[0m 4.938 ms - 165[0m
[0mGET /users/sign-in [36m304[0m 31.390 ms - -[0m
[0mGET /users/css/layout.css [33m404[0m 13.070 ms - 159[0m
[0mGET /users/css/header.css [33m404[0m 16.710 ms - 159[0m
[0mGET /users/css/footer.css [33m404[0m 23.678 ms - 159[0m
[0mGET /users/css/user_sign_in.css [33m404[0m 27.594 ms - 165[0m
[0mGET /users/sign-in [36m304[0m 7.744 ms - -[0m
[0mGET /users/css/layout.css [33m404[0m 12.350 ms - 159[0m
[0mGET /users/css/header.css [33m404[0m 10.657 ms - 159[0m
[0mGET /users/css/footer.css [33m404[0m 10.882 ms - 159[0m
[0mGET /users/css/user_sign_in.css [33m404[0m 9.600 ms - 165[0m
[0mGET /users/sign-in [36m304[0m 5.118 ms - -[0m
[0mGET /users/css/layout.css [33m404[0m 9.507 ms - 159[0m
[0mGET /users/css/header.css [33m404[0m 10.301 ms - 159[0m
[0mGET /users/css/footer.css [33m404[0m 8.064 ms - 159[0m
[0mGET /users/css/user_sign_in.css [33m404[0m 8.515 ms - 165[0m
[0mGET /users/sign-in [36m304[0m 5.378 ms - -[0m
[0mGET /users/css/layout.css [33m404[0m 7.583 ms - 159[0m
[0mGET /users/css/header.css [33m404[0m 7.249 ms - 159[0m
[0mGET /users/css/footer.css [33m404[0m 7.707 ms - 159[0m
[0mGET /users/css/user_sign_in.css [33m404[0m 11.050 ms - 165[0m
[0mGET /users/sign-in [36m304[0m 5.115 ms - -[0m
[0mGET /users/css/layout.css [33m404[0m 6.480 ms - 159[0m
[0mGET /users/css/header.css [33m404[0m 6.568 ms - 159[0m
[0mGET /users/css/footer.css [33m404[0m 7.145 ms - 159[0m
[0mGET /users/css/user_sign_in.css [33m404[0m 8.074 ms - 165[0m
[0mGET /users/sign-in [36m304[0m 4.021 ms - -[0m
[0mGET /users/css/header.css [33m404[0m 9.370 ms - 159[0m
[0mGET /users/css/footer.css [33m404[0m 10.440 ms - 159[0m
[0mGET /users/css/layout.css [33m404[0m 7.708 ms - 159[0m
[0mGET /users/css/user_sign_in.css [33m404[0m 7.904 ms - 165[0m
[0mGET /users/sign-in [36m304[0m 4.011 ms - -[0m
[0mGET /users/css/layout.css [33m404[0m 8.774 ms - 159[0m
[0mGET /users/css/header.css [33m404[0m 9.893 ms - 159[0m
[0mGET /users/css/footer.css [33m404[0m 4.636 ms - 159[0m
[0mGET /users/css/user_sign_in.css [33m404[0m 9.174 ms - 165[0m
[0mGET /users/sign-in [36m304[0m 5.460 ms - -[0m
[0mGET /users/css/layout.css [33m404[0m 11.833 ms - 159[0m
[0mGET /users/css/header.css [33m404[0m 8.458 ms - 159[0m
[0mGET /users/css/footer.css [33m404[0m 8.634 ms - 159[0m
[0mGET /users/css/user_sign_in.css [33m404[0m 11.285 ms - 165[0m
[0mGET /users/sign-in [36m304[0m 3.940 ms - -[0m
[0mGET /users/css/layout.css [33m404[0m 9.452 ms - 159[0m
[0mGET /users/css/header.css [33m404[0m 10.149 ms - 159[0m
[0mGET /users/css/footer.css [33m404[0m 7.192 ms - 159[0m
[0mGET /users/css/user_sign_in.css [33m404[0m 7.964 ms - 165[0m
[0mGET /users/sign-in [36m304[0m 3.981 ms - -[0m
[0mGET /users/css/layout.css [33m404[0m 6.292 ms - 159[0m
[0mGET /users/css/header.css [33m404[0m 5.610 ms - 159[0m
[0mGET /users/css/footer.css [33m404[0m 11.244 ms - 159[0m
[0mGET /users/css/user_sign_in.css [33m404[0m 8.041 ms - 165[0m
[0mGET /users/sign-in [36m304[0m 4.853 ms - -[0m
[0mGET /users/css/layout.css [33m404[0m 7.976 ms - 159[0m
[0mGET /users/css/header.css [33m404[0m 6.789 ms - 159[0m
[0mGET /users/css/footer.css [33m404[0m 9.238 ms - 159[0m
[0mGET /users/css/user_sign_in.css [33m404[0m 3.358 ms - 165[0m
[0mGET /users/sign-in [36m304[0m 7.314 ms - -[0m
[0mGET /users/css/layout.css [33m404[0m 8.155 ms - 159[0m
[0mGET /users/css/header.css [33m404[0m 11.482 ms - 159[0m
[0mGET /users/css/footer.css [33m404[0m 10.036 ms - 159[0m
[0mGET /users/css/user_sign_in.css [33m404[0m 3.689 ms - 165[0m
[0mGET / [36m304[0m 93.705 ms - -[0m
[0mGET /users/sign-up [32m200[0m 6.688 ms - 5817[0m
[0mGET /users/css/user_sign_up.css [33m404[0m 7.833 ms - 165[0m
[0mGET /users/css/layout.css [33m404[0m 7.735 ms - 159[0m
[0mGET /users/css/header.css [33m404[0m 6.693 ms - 159[0m
[0mGET /users/css/footer.css [33m404[0m 7.412 ms - 159[0m
[0mGET / [36m304[0m 60.844 ms - -[0m
[0mGET /users/sign-in [36m304[0m 7.539 ms - -[0m
[0mGET /users/css/layout.css [33m404[0m 5.725 ms - 159[0m
[0mGET /users/css/header.css [33m404[0m 5.664 ms - 159[0m
[0mGET /users/css/footer.css [33m404[0m 6.194 ms - 159[0m
[0mGET /users/css/user_sign_in.css [33m404[0m 7.208 ms - 165[0m
[0mGET /users/auth/google [36m302[0m 4.248 ms - 0[0m
[0mGET /users/auth/google/callback?code=4%2F0AX4XfWgrPAVjzuLdnyPMQRmH5Kfc9XMI9XDFcXwiIvRk-wbLVRfodatNywK9NrtdgmbGag&scope=email+profile+https%3A%2F%2Fwww.googleapis.com%2Fauth%2Fuserinfo.profile+https%3A%2F%2Fwww.googleapis.com%2Fauth%2Fuserinfo.email+openid&authuser=1&prompt=consent [36m302[0m 767.415 ms - 46[0m
[0mGET / [32m200[0m 81.471 ms - 76461[0m
[0mGET /friendship/toggle/610a23de527d6144a078f202 [32m200[0m 24.162 ms - 81[0m
[0mGET /friendship/toggle/610a23de527d6144a078f202 [32m200[0m 19.909 ms - 80[0m
[0mGET /chat-engine/chats [36m304[0m 18.025 ms - -[0m
[0mGET /chat-engine/css/layout.css [33m404[0m 16.535 ms - 165[0m
[0mGET /chat-engine/css/header.css [33m404[0m 20.659 ms - 165[0m
[0mGET /chat-engine/css/footer.css [33m404[0m 20.841 ms - 165[0m
[0mGET /chat-engine/css/chat_box.css [33m404[0m 20.936 ms - 167[0m
[0mGET /chat-engine/js/chat_engine.js [33m404[0m 10.771 ms - 168[0m
[0mGET /chat-engine/js/chat_engine.js [33m404[0m 4.300 ms - 168[0m
[0mGET / [32m200[0m 95.811 ms - 43939[0m
[0mGET /users/sign-in [36m304[0m 19.913 ms - -[0m
[0mGET /users/css/header.css [33m404[0m 20.801 ms - 159[0m
[0mGET /users/css/layout.css [33m404[0m 14.681 ms - 159[0m
[0mGET /users/css/footer.css [33m404[0m 25.488 ms - 159[0m
[0mGET /users/css/user_sign_in.css [33m404[0m 34.419 ms - 165[0m
[0mGET / [36m304[0m 113.443 ms - -[0m
[0mGET /users/sign-in [36m304[0m 10.955 ms - -[0m
[0mGET /users/css/layout.css [33m404[0m 12.636 ms - 159[0m
[0mGET /users/css/header.css [33m404[0m 20.478 ms - 159[0m
[0mGET /users/css/footer.css [33m404[0m 23.097 ms - 159[0m
[0mGET /users/css/user_sign_in.css [33m404[0m 25.192 ms - 165[0m
[0mGET /users/css/layout.css [33m404[0m 9.724 ms - 159[0m
[0mGET /users/css/header.css [33m404[0m 9.976 ms - 159[0m
[0mGET /users/css/footer.css [33m404[0m 9.955 ms - 159[0m
[0mGET /users/css/user_sign_in.css [33m404[0m 10.734 ms - 165[0m
[0mGET /users/sign-in [32m200[0m 33.782 ms - 5798[0m
[0mGET /users/css/layout.css [33m404[0m 17.796 ms - 159[0m
[0mGET /users/css/header.css [33m404[0m 14.643 ms - 159[0m
[0mGET /users/css/footer.css [33m404[0m 18.922 ms - 159[0m
[0mGET /users/css/user_sign_in.css [33m404[0m 34.797 ms - 165[0m
[0mGET /users/sign-in [36m304[0m 8.857 ms - -[0m
[0mGET /users/css/header.css [33m404[0m 10.564 ms - 159[0m
[0mGET /users/css/footer.css [33m404[0m 9.269 ms - 159[0m
[0mGET /users/css/user_sign_in.css [33m404[0m 8.143 ms - 165[0m
[0mGET /users/css/layout.css [33m404[0m 6.181 ms - 159[0m
[0mGET /users/sign-in [36m304[0m 10.726 ms - -[0m
[0mGET /users/css/layout.css [33m404[0m 4.367 ms - 159[0m
[0mGET /users/css/header.css [33m404[0m 4.526 ms - 159[0m
[0mGET /users/css/user_sign_in.css [33m404[0m 5.325 ms - 165[0m
[0mGET /users/css/footer.css [33m404[0m 6.422 ms - 159[0m
[0mGET /users/sign-in [36m304[0m 7.802 ms - -[0m
[0mGET /users/css/layout.css [33m404[0m 8.500 ms - 159[0m
[0mGET /users/css/header.css [33m404[0m 8.742 ms - 159[0m
[0mGET /users/css/footer.css [33m404[0m 9.800 ms - 159[0m
[0mGET /users/css/user_sign_in.css [33m404[0m 13.850 ms - 165[0m
[0mGET /users/sign-in [36m304[0m 9.352 ms - -[0m
[0mGET /users/css/layout.css [33m404[0m 11.087 ms - 159[0m
[0mGET /users/css/footer.css [33m404[0m 9.618 ms - 159[0m
[0mGET /users/css/header.css [33m404[0m 10.903 ms - 159[0m
[0mGET /users/css/user_sign_in.css [33m404[0m 10.298 ms - 165[0m
[0mGET /users/sign-in [36m304[0m 6.670 ms - -[0m
[0mGET /users/css/layout.css [33m404[0m 11.696 ms - 159[0m
[0mGET /users/css/header.css [33m404[0m 10.043 ms - 159[0m
[0mGET /users/css/footer.css [33m404[0m 16.686 ms - 159[0m
[0mGET /users/css/user_sign_in.css [33m404[0m 11.809 ms - 165[0m
[0mGET /users/sign-in [36m304[0m 6.466 ms - -[0m
[0mGET /users/css/layout.css [33m404[0m 12.787 ms - 159[0m
[0mGET /users/css/header.css [33m404[0m 12.658 ms - 159[0m
[0mGET /users/css/footer.css [33m404[0m 11.305 ms - 159[0m
[0mGET /users/css/user_sign_in.css [33m404[0m 11.786 ms - 165[0m
[0mGET /users/sign-in [36m304[0m 8.730 ms - -[0m
[0mGET /users/css/layout.css [33m404[0m 8.223 ms - 159[0m
[0mGET /users/css/header.css [33m404[0m 8.527 ms - 159[0m
[0mGET /users/css/footer.css [33m404[0m 8.359 ms - 159[0m
[0mGET /users/css/user_sign_in.css [33m404[0m 12.584 ms - 165[0m
[0mGET / [32m200[0m 291.253 ms - 43955[0m
[0mGET /users/sign-in [36m304[0m 18.137 ms - -[0m
[0mGET /users/css/layout.css [33m404[0m 16.900 ms - 159[0m
[0mGET /users/css/header.css [33m404[0m 25.729 ms - 159[0m
[0mGET /users/css/user_sign_in.css [33m404[0m 31.951 ms - 165[0m
[0mGET /users/css/footer.css [33m404[0m 37.887 ms - 159[0m
[0mGET / [32m200[0m 174.507 ms - 43955[0m
[0mGET /favicon.ico [33m404[0m 5.154 ms - 150[0m
[0mGET /users/sign-in [32m200[0m 6.732 ms - 5798[0m
[0mGET /users/css/layout.css [33m404[0m 9.224 ms - 159[0m
[0mGET /users/css/header.css [33m404[0m 7.768 ms - 159[0m
[0mGET /users/css/footer.css [33m404[0m 5.215 ms - 159[0m
[0mGET /users/css/user_sign_in.css [33m404[0m 4.887 ms - 165[0m
[0mGET /users/sign-in [36m304[0m 35.813 ms - -[0m
[0mGET /users/css/layout.css [33m404[0m 18.218 ms - 159[0m
[0mGET /users/css/header.css [33m404[0m 15.101 ms - 159[0m
[0mGET /users/css/footer.css [33m404[0m 19.845 ms - 159[0m
[0mGET /users/css/user_sign_in.css [33m404[0m 29.013 ms - 165[0m
[0mGET /users/sign-in [36m304[0m 7.265 ms - -[0m
[0mGET /users/css/layout.css [33m404[0m 9.506 ms - 159[0m
[0mGET /users/css/header.css [33m404[0m 9.645 ms - 159[0m
[0mGET /users/css/footer.css [33m404[0m 10.995 ms - 159[0m
[0mGET /users/css/user_sign_in.css [33m404[0m 12.752 ms - 165[0m
[0mGET /users/auth/google/callback?code=4%2F0AX4XfWggZy2ur6IcXi0Ei_6sJSF0ezGX8FTtUJXJOZ07-8fs-FhZfY7Xh43V4AfQu7FT2A&scope=email+profile+https%3A%2F%2Fwww.googleapis.com%2Fauth%2Fuserinfo.profile+https%3A%2F%2Fwww.googleapis.com%2Fauth%2Fuserinfo.email+openid&authuser=1&prompt=consent [36m302[0m 843.691 ms - 46[0m
[0mGET / [32m200[0m 212.026 ms - 76477[0m
[0mGET /chat-engine/chats [32m200[0m 29.685 ms - 7456[0m
[0mGET /chat-engine/css/layout.css [33m404[0m 28.356 ms - 165[0m
[0mGET /chat-engine/css/header.css [33m404[0m 29.049 ms - 165[0m
[0mGET /chat-engine/css/footer.css [33m404[0m 36.614 ms - 165[0m
[0mGET /chat-engine/css/chat_box.css [33m404[0m 37.169 ms - 167[0m
[0mGET /chat-engine/js/chat_engine.js [33m404[0m 19.959 ms - 168[0m
[0mGET /users/Profile/610b879152b3382f8c8f1450 [36m304[0m 43.769 ms - -[0m
[0mGET /users/Profile/css/layout.css [33m404[0m 44.365 ms - 167[0m
[0mGET /users/Profile/css/header.css [33m404[0m 48.913 ms - 167[0m
[0mGET /users/Profile/css/user_profile.css [33m404[0m 39.085 ms - 173[0m
[0mGET /users/Profile/css/footer.css [33m404[0m 41.459 ms - 167[0m
[0mGET /users/Profile/js/toggle_friendship.js [33m404[0m 19.891 ms - 176[0m
[0mGET / [32m200[0m 276.186 ms - 76215[0m
[0mGET / [32m200[0m 160.935 ms - 76215[0m
[0mGET /users/sign-out [36m302[0m 25.886 ms - 46[0m
[0mGET / [32m200[0m 177.294 ms - 44226[0m
[0mGET / [32m200[0m 200.571 ms - 43963[0m
[0mGET /users/sign-up [32m200[0m 11.945 ms - 5821[0m
[0mGET /users/sign-in [32m200[0m 16.992 ms - 5802[0m
[0mGET / [36m304[0m 141.670 ms - -[0m
[0mGET /users/sign-in [36m304[0m 15.327 ms - -[0m
[0mGET /users/sign-in [36m304[0m 10.799 ms - -[0m
[0mGET /users/auth/google [36m302[0m 8.928 ms - 0[0m
[0mGET /users/auth/google/callback?code=4%2F0AX4XfWjfIXDQaNjXjmKYyPMKlA048z8Ls-MgK1ORC7S2Yk2Q47BWjF7wfJZTus1lSRu9uQ&scope=email+profile+https%3A%2F%2Fwww.googleapis.com%2Fauth%2Fuserinfo.profile+https%3A%2F%2Fwww.googleapis.com%2Fauth%2Fuserinfo.email+openid&authuser=1&prompt=consent [36m302[0m 764.015 ms - 46[0m
[0mGET / [32m200[0m 251.006 ms - 76485[0m
[0mGET /users/Profile/610b879152b3382f8c8f1450 [32m200[0m 30.323 ms - 8021[0m
[0mGET /friendship/toggle/610a23de527d6144a078f202 [32m200[0m 52.623 ms - 81[0m
[0mGET /friendship/toggle/610a23de527d6144a078f202 [32m200[0m 44.052 ms - 80[0m
[0mGET /friendship/toggle/610a23de527d6144a078f202 [32m200[0m 35.100 ms - 81[0m
[0mGET /friendship/toggle/610a23de527d6144a078f202 [32m200[0m 30.052 ms - 80[0m
[0mGET /friendship/toggle/610a23de527d6144a078f202 [32m200[0m 40.466 ms - 81[0m
[0mGET /friendship/toggle/610b9f1252b3382f8c8f14ec [32m200[0m 32.806 ms - 80[0m
[0mGET /friendship/toggle/610b9f1252b3382f8c8f14ec [32m200[0m 33.741 ms - 81[0m
[0mPOST /posts/create [32m200[0m 57.769 ms - 268[0m
[0mPOST /comments/create [32m200[0m 57.537 ms - 1283[0m
[0mPOST /likes/toggle/?id=611be562156c390f18cc56b7&type=Post [32m200[0m 27.830 ms - 58[0m
[0mPOST /likes/toggle/?id=611be562156c390f18cc56b7&type=Post [32m200[0m 25.238 ms - 57[0m
[0mGET /chat-engine/chats [32m200[0m 28.604 ms - 6793[0m
[0mGET /friendship/toggle/610a23de527d6144a078f202 [32m200[0m 26.193 ms - 80[0m
[0mGET / [32m200[0m 226.642 ms - 79954[0m
[0mGET /friendship/toggle/610a23de527d6144a078f202 [32m200[0m 35.264 ms - 81[0m
[0mGET /friendship/toggle/610a23de527d6144a078f202 [32m200[0m 22.708 ms - 80[0m
[0mGET /friendship/toggle/610b9f1252b3382f8c8f14ec [32m200[0m 29.288 ms - 80[0m
[0mGET / [32m200[0m 165.177 ms - 81048[0m
[0mGET /chat-engine/chats [32m200[0m 32.744 ms - 8127[0m
[0mGET /chat-engine/chats [36m304[0m 156.440 ms - -[0m
[0mGET /chat-engine/chats [36m304[0m 59.912 ms - -[0m
[0mGET /friendship/toggle/610a23de527d6144a078f202 [32m200[0m 72.182 ms - 81[0m
[0mGET /friendship/toggle/610a23de527d6144a078f202 [32m200[0m 63.136 ms - 80[0m
[0mGET /friendship/toggle/610a23de527d6144a078f202 [32m200[0m 41.897 ms - 81[0m
[0mGET /friendship/toggle/610a23de527d6144a078f202 [32m200[0m 42.656 ms - 80[0m
[0mGET /friendship/toggle/610a23de527d6144a078f202 [32m200[0m 40.939 ms - 81[0m
[0mGET /chat-engine/chats [32m200[0m 168.691 ms - 7459[0m
